<?xml version='1.0' encoding='UTF-8'?>
<result plugin="junit@1.23">
  <suites>
    <suite>
      <file>/opt/jenkins/data/workspace/soil_master-334BU6HP7ZUDNTUBIASDDTBNNUA6574M64EMF5MPSIEEUZV6SRLQ/utest/test_detail.xml</file>
      <name>JsonTest</name>
      <duration>0.001</duration>
      <time>0.001</time>
      <nodeId>20</nodeId>
      <enclosingBlocks>
        <string>18</string>
      </enclosingBlocks>
      <enclosingBlockNames>
        <string>utest</string>
      </enclosingBlockNames>
      <cases>
        <case>
          <duration>0.0</duration>
          <className>JsonTest</className>
          <testName>getValueTest</testName>
          <skipped>false</skipped>
          <failedSince>0</failedSince>
        </case>
        <case>
          <duration>0.001</duration>
          <className>JsonTest</className>
          <testName>escapeTest</testName>
          <skipped>false</skipped>
          <failedSince>0</failedSince>
        </case>
        <case>
          <duration>0.0</duration>
          <className>JsonTest</className>
          <testName>writeValueTest</testName>
          <skipped>false</skipped>
          <failedSince>0</failedSince>
        </case>
      </cases>
    </suite>
    <suite>
      <file>/opt/jenkins/data/workspace/soil_master-334BU6HP7ZUDNTUBIASDDTBNNUA6574M64EMF5MPSIEEUZV6SRLQ/utest/test_detail.xml</file>
      <name>ReaderWriterQueueTest</name>
      <duration>1.0</duration>
      <time>1</time>
      <nodeId>20</nodeId>
      <enclosingBlocks>
        <string>18</string>
      </enclosingBlocks>
      <enclosingBlockNames>
        <string>utest</string>
      </enclosingBlockNames>
      <cases>
        <case>
          <duration>1.0</duration>
          <className>ReaderWriterQueueTest</className>
          <testName>queueTest</testName>
          <skipped>false</skipped>
          <failedSince>0</failedSince>
        </case>
      </cases>
    </suite>
    <suite>
      <file>/opt/jenkins/data/workspace/soil_master-334BU6HP7ZUDNTUBIASDDTBNNUA6574M64EMF5MPSIEEUZV6SRLQ/utest/test_detail.xml</file>
      <name>RingQueueTest</name>
      <duration>0.0</duration>
      <time>0</time>
      <nodeId>20</nodeId>
      <enclosingBlocks>
        <string>18</string>
      </enclosingBlocks>
      <enclosingBlockNames>
        <string>utest</string>
      </enclosingBlockNames>
      <cases>
        <case>
          <duration>0.0</duration>
          <className>RingQueueTest</className>
          <testName>allTest</testName>
          <skipped>false</skipped>
          <failedSince>0</failedSince>
        </case>
      </cases>
    </suite>
    <suite>
      <file>/opt/jenkins/data/workspace/soil_master-334BU6HP7ZUDNTUBIASDDTBNNUA6574M64EMF5MPSIEEUZV6SRLQ/utest/test_detail.xml</file>
      <name>LogTest</name>
      <duration>0.001</duration>
      <time>0.001</time>
      <nodeId>20</nodeId>
      <enclosingBlocks>
        <string>18</string>
      </enclosingBlocks>
      <enclosingBlockNames>
        <string>utest</string>
      </enclosingBlockNames>
      <cases>
        <case>
          <duration>0.001</duration>
          <className>LogTest</className>
          <testName>logTest</testName>
          <skipped>false</skipped>
          <failedSince>0</failedSince>
        </case>
      </cases>
    </suite>
    <suite>
      <file>/opt/jenkins/data/workspace/soil_master-334BU6HP7ZUDNTUBIASDDTBNNUA6574M64EMF5MPSIEEUZV6SRLQ/utest/test_detail.xml</file>
      <name>STimerTest</name>
      <duration>3.0</duration>
      <time>3</time>
      <nodeId>20</nodeId>
      <enclosingBlocks>
        <string>18</string>
      </enclosingBlocks>
      <enclosingBlockNames>
        <string>utest</string>
      </enclosingBlockNames>
      <cases>
        <case>
          <duration>2.0</duration>
          <className>STimerTest</className>
          <testName>wait2STest</testName>
          <skipped>false</skipped>
          <failedSince>0</failedSince>
        </case>
        <case>
          <duration>1.0</duration>
          <className>STimerTest</className>
          <testName>notifyTest</testName>
          <skipped>false</skipped>
          <failedSince>0</failedSince>
        </case>
      </cases>
    </suite>
    <suite>
      <file>/opt/jenkins/data/workspace/soil_master-334BU6HP7ZUDNTUBIASDDTBNNUA6574M64EMF5MPSIEEUZV6SRLQ/utest/test_detail.xml</file>
      <name>DataFileTest</name>
      <duration>1.001</duration>
      <time>1.001</time>
      <nodeId>20</nodeId>
      <enclosingBlocks>
        <string>18</string>
      </enclosingBlocks>
      <enclosingBlockNames>
        <string>utest</string>
      </enclosingBlockNames>
      <cases>
        <case>
          <duration>1.001</duration>
          <className>DataFileTest</className>
          <testName>dataFileTest</testName>
          <skipped>false</skipped>
          <failedSince>0</failedSince>
        </case>
      </cases>
    </suite>
    <suite>
      <file>/opt/jenkins/data/workspace/soil_master-334BU6HP7ZUDNTUBIASDDTBNNUA6574M64EMF5MPSIEEUZV6SRLQ/utest/test_detail.xml</file>
      <name>MacroTest</name>
      <duration>0.0</duration>
      <time>0</time>
      <nodeId>20</nodeId>
      <enclosingBlocks>
        <string>18</string>
      </enclosingBlocks>
      <enclosingBlockNames>
        <string>utest</string>
      </enclosingBlockNames>
      <cases>
        <case>
          <duration>0.0</duration>
          <className>MacroTest</className>
          <testName>rangeForTest</testName>
          <skipped>false</skipped>
          <failedSince>0</failedSince>
        </case>
      </cases>
    </suite>
    <suite>
      <file>/opt/jenkins/data/workspace/soil_master-334BU6HP7ZUDNTUBIASDDTBNNUA6574M64EMF5MPSIEEUZV6SRLQ/utest/test_detail.xml</file>
      <name>DateTimeTest</name>
      <duration>0.001</duration>
      <time>0.001</time>
      <nodeId>20</nodeId>
      <enclosingBlocks>
        <string>18</string>
      </enclosingBlocks>
      <enclosingBlockNames>
        <string>utest</string>
      </enclosingBlockNames>
      <cases>
        <case>
          <duration>0.001</duration>
          <className>DateTimeTest</className>
          <testName>dateTimeTest</testName>
          <skipped>false</skipped>
          <failedSince>0</failedSince>
        </case>
        <case>
          <duration>0.0</duration>
          <className>DateTimeTest</className>
          <testName>operatorTest</testName>
          <skipped>false</skipped>
          <failedSince>0</failedSince>
        </case>
        <case>
          <duration>0.0</duration>
          <className>DateTimeTest</className>
          <testName>getStringTest</testName>
          <skipped>false</skipped>
          <failedSince>0</failedSince>
        </case>
        <case>
          <duration>0.0</duration>
          <className>DateTimeTest</className>
          <testName>nowTest</testName>
          <skipped>false</skipped>
          <failedSince>0</failedSince>
        </case>
      </cases>
    </suite>
    <suite>
      <file>/opt/jenkins/data/workspace/soil_master-334BU6HP7ZUDNTUBIASDDTBNNUA6574M64EMF5MPSIEEUZV6SRLQ/utest/test_detail.xml</file>
      <name>StringTest</name>
      <duration>0.0</duration>
      <time>0</time>
      <nodeId>20</nodeId>
      <enclosingBlocks>
        <string>18</string>
      </enclosingBlocks>
      <enclosingBlockNames>
        <string>utest</string>
      </enclosingBlockNames>
      <cases>
        <case>
          <duration>0.0</duration>
          <className>StringTest</className>
          <testName>splitTest</testName>
          <skipped>false</skipped>
          <failedSince>0</failedSince>
        </case>
      </cases>
    </suite>
    <suite>
      <file>/opt/jenkins/data/workspace/soil_master-334BU6HP7ZUDNTUBIASDDTBNNUA6574M64EMF5MPSIEEUZV6SRLQ/utest/test_detail.xml</file>
      <name>DemangleTest</name>
      <duration>0.0</duration>
      <time>0</time>
      <nodeId>20</nodeId>
      <enclosingBlocks>
        <string>18</string>
      </enclosingBlocks>
      <enclosingBlockNames>
        <string>utest</string>
      </enclosingBlockNames>
      <cases>
        <case>
          <duration>0.0</duration>
          <className>DemangleTest</className>
          <testName>demangleTest</testName>
          <skipped>false</skipped>
          <failedSince>0</failedSince>
        </case>
      </cases>
    </suite>
    <suite>
      <file>/opt/jenkins/data/workspace/soil_master-334BU6HP7ZUDNTUBIASDDTBNNUA6574M64EMF5MPSIEEUZV6SRLQ/utest/test_detail.xml</file>
      <name>HexdumpTest</name>
      <duration>0.0</duration>
      <time>0</time>
      <nodeId>20</nodeId>
      <enclosingBlocks>
        <string>18</string>
      </enclosingBlocks>
      <enclosingBlockNames>
        <string>utest</string>
      </enclosingBlockNames>
      <cases>
        <case>
          <duration>0.0</duration>
          <className>HexdumpTest</className>
          <testName>allTest</testName>
          <skipped>false</skipped>
          <failedSince>0</failedSince>
        </case>
      </cases>
    </suite>
  </suites>
  <duration>5.0039997</duration>
  <keepLongStdio>false</keepLongStdio>
</result>